Thu Mar  5 02:43:56 2015

Logger initialized
Program launched with 1 argument: ./main
OpenGL render context information:
  Renderer       : Mesa DRI Intel(R) Ivybridge Mobile 
  Vendor         : Intel Open Source Technology Center
  Version        : 3.0 Mesa 10.4.5
  GLSL version   : 1.30
Max number of vertex array vertices: 3000
Max number of vertex array indices : 3000
Linking program...
Linked successfully.
Program loaded.
Initializing objects..
Loading quad VBO.
assigning vertices..OK
assigning indices..OK
Warning: loading mesh without normals.
vbo_vertices
ibo_indices
All objects initialized.
Game initialized.
Game destroyed.
Program has terminated.
